<?xml version="1.0" encoding="UTF-8"?>
<!-- Generated by org.testng.reporters.JUnitXMLReporter -->
<testsuite ignored="0" hostname="Nishant" failures="0" tests="1" name="Org. Partner Registration Using Mobile Number And ELO Creation Test" time="104.728" errors="0" timestamp="09 Oct 2023 08:48:34 GMT">
  <testcase classname="YUVA.tests.PartnerRegistrationUsingMobileNumberAndELOCreationTest" name="registerAsGovtOrg" time="83.52"/>
</testsuite> <!-- Org. Partner Registration Using Mobile Number And ELO Creation Test -->
