<?xml version="1.0" encoding="UTF-8"?>
<!-- Generated by org.testng.reporters.JUnitXMLReporter -->
<testsuite ignored="0" hostname="Nishant" failures="0" tests="1" name="Org. Level Creation By Nodal Officer And Add SubUser Test" time="84.959" errors="0" timestamp="09 Oct 2023 13:44:22 GMT">
  <testcase classname="YUVA.tests.LevelCreationByNodalOfficerAndAddSubUserTest" name="registerpoliceOrgCreation" time="69.94"/>
</testsuite> <!-- Org. Level Creation By Nodal Officer And Add SubUser Test -->
